2025-07-16 05:48:37,291 - __main__ - INFO - Phase 5A Performance Optimization Agent initialized
2025-07-16 05:48:37,292 - __main__ - INFO - Starting Phase 5A: Performance Optimization implementation
2025-07-16 05:48:37,292 - __main__ - INFO - Implementing performance profiling system
2025-07-16 05:48:37,293 - __main__ - INFO - Created file: /home/drewcifer/aicleaner_v3/addons/aicleaner_v3/performance/profiler.py
2025-07-16 05:48:37,293 - __main__ - INFO - Created file: /home/drewcifer/aicleaner_v3/addons/aicleaner_v3/performance/monitor.py
2025-07-16 05:48:37,293 - __main__ - INFO - Performance profiling system implemented
2025-07-16 05:48:37,293 - __main__ - ERROR - Phase 5A implementation failed: 'Phase5APerformanceOptimizationAgent' object has no attribute '_implement_memory_optimization'
2025-07-16 05:51:42,891 - __main__ - INFO - Phase 5A Performance Optimization Agent initialized
2025-07-16 05:51:42,891 - __main__ - INFO - Starting Phase 5A: Performance Optimization implementation
2025-07-16 05:51:42,891 - __main__ - INFO - Implementing performance profiling system
2025-07-16 05:51:42,892 - __main__ - INFO - Created file: /home/drewcifer/aicleaner_v3/addons/aicleaner_v3/performance/profiler.py
2025-07-16 05:51:42,892 - __main__ - INFO - Created file: /home/drewcifer/aicleaner_v3/addons/aicleaner_v3/performance/monitor.py
2025-07-16 05:51:42,892 - __main__ - INFO - Performance profiling system implemented
2025-07-16 05:51:42,892 - __main__ - INFO - Implementing memory optimization system
2025-07-16 05:51:42,892 - __main__ - INFO - Created file: /home/drewcifer/aicleaner_v3/addons/aicleaner_v3/performance/memory_optimizer.py
2025-07-16 05:51:42,892 - __main__ - INFO - Memory optimization system implemented
2025-07-16 05:51:42,892 - __main__ - INFO - Implementing database optimization system
2025-07-16 05:51:42,893 - __main__ - INFO - Created file: /home/drewcifer/aicleaner_v3/addons/aicleaner_v3/performance/database_optimizer.py
2025-07-16 05:51:42,893 - __main__ - INFO - Database optimization system implemented
2025-07-16 05:51:42,893 - __main__ - INFO - Implementing API optimization system
2025-07-16 05:51:42,893 - __main__ - INFO - Created file: /home/drewcifer/aicleaner_v3/addons/aicleaner_v3/performance/api_optimizer.py
2025-07-16 05:51:42,893 - __main__ - INFO - API optimization system implemented
2025-07-16 05:51:42,893 - __main__ - INFO - Implementing async optimization system
2025-07-16 05:51:42,894 - __main__ - INFO - Created file: /home/drewcifer/aicleaner_v3/addons/aicleaner_v3/performance/async_optimizer.py
2025-07-16 05:51:42,895 - __main__ - INFO - Async optimization system implemented
2025-07-16 05:51:42,896 - __main__ - INFO - Implementing caching strategy
2025-07-16 05:51:42,896 - __main__ - INFO - Created file: /home/drewcifer/aicleaner_v3/addons/aicleaner_v3/performance/cache_manager.py
2025-07-16 05:51:42,896 - __main__ - INFO - Caching strategy implemented
2025-07-16 05:51:42,896 - __main__ - INFO - Implementing resource monitoring system
2025-07-16 05:51:42,896 - __main__ - INFO - Created file: /home/drewcifer/aicleaner_v3/addons/aicleaner_v3/performance/resource_monitor.py
2025-07-16 05:51:42,896 - __main__ - INFO - Resource monitoring system implemented
2025-07-16 05:51:42,896 - __main__ - INFO - Implementing performance testing suite
2025-07-16 05:51:42,896 - __main__ - INFO - Created file: /home/drewcifer/aicleaner_v3/addons/aicleaner_v3/performance/performance_tester.py
2025-07-16 05:51:42,896 - __main__ - INFO - Performance testing suite implemented
2025-07-16 05:51:42,896 - __main__ - INFO - Implementing optimization automation
2025-07-16 05:51:42,896 - __main__ - INFO - Optimization automation implemented
2025-07-16 05:51:42,896 - __main__ - INFO - Implementing performance dashboard
2025-07-16 05:51:42,896 - __main__ - INFO - Performance dashboard implemented
2025-07-16 05:51:42,897 - __main__ - INFO - Results saved to /home/drewcifer/aicleaner_v3/phase5a_performance_results.json
2025-07-16 05:51:42,897 - __main__ - INFO - Phase 5A completed with 100/100 compliance
